<?xml version="1.0" encoding="UTF-8"?>
<testsuite name="bash.example.cala.CalaApplicationTests" tests="1" skipped="0" failures="0" errors="0" timestamp="2020-04-15T20:10:20" hostname="Bashars-MacBook-Pro.local" time="0.186">
  <properties/>
  <testcase name="contextLoads()" classname="bash.example.cala.CalaApplicationTests" time="0.186"/>
  <system-out><![CDATA[00:10:04.613 [Test worker] DEBUG org.springframework.test.context.BootstrapUtils - Instantiating CacheAwareContextLoaderDelegate from class [org.springframework.test.context.cache.DefaultCacheAwareContextLoaderDelegate]
00:10:04.625 [Test worker] DEBUG org.springframework.test.context.BootstrapUtils - Instantiating BootstrapContext using constructor [public org.springframework.test.context.support.DefaultBootstrapContext(java.lang.Class,org.springframework.test.context.CacheAwareContextLoaderDelegate)]
00:10:04.648 [Test worker] DEBUG org.springframework.test.context.BootstrapUtils - Instantiating TestContextBootstrapper for test class [bash.example.cala.CalaApplicationTests] from class [org.springframework.boot.test.context.SpringBootTestContextBootstrapper]
00:10:04.658 [Test worker] INFO org.springframework.boot.test.context.SpringBootTestContextBootstrapper - Neither @ContextConfiguration nor @ContextHierarchy found for test class [bash.example.cala.CalaApplicationTests], using SpringBootContextLoader
00:10:04.661 [Test worker] DEBUG org.springframework.test.context.support.AbstractContextLoader - Did not detect default resource location for test class [bash.example.cala.CalaApplicationTests]: class path resource [bash/example/cala/CalaApplicationTests-context.xml] does not exist
00:10:04.662 [Test worker] DEBUG org.springframework.test.context.support.AbstractContextLoader - Did not detect default resource location for test class [bash.example.cala.CalaApplicationTests]: class path resource [bash/example/cala/CalaApplicationTestsContext.groovy] does not exist
00:10:04.662 [Test worker] INFO org.springframework.test.context.support.AbstractContextLoader - Could not detect default resource locations for test class [bash.example.cala.CalaApplicationTests]: no resource found for suffixes {-context.xml, Context.groovy}.
00:10:04.662 [Test worker] INFO org.springframework.test.context.support.AnnotationConfigContextLoaderUtils - Could not detect default configuration classes for test class [bash.example.cala.CalaApplicationTests]: CalaApplicationTests does not declare any static, non-private, non-final, nested classes annotated with @Configuration.
00:10:04.691 [Test worker] DEBUG org.springframework.test.context.support.ActiveProfilesUtils - Could not find an 'annotation declaring class' for annotation type [org.springframework.test.context.ActiveProfiles] and class [bash.example.cala.CalaApplicationTests]
00:10:04.750 [Test worker] DEBUG org.springframework.context.annotation.ClassPathScanningCandidateComponentProvider - Identified candidate component class: file [/Users/basharsalloum/Desktop/Udemy/CIWithJenkinsAndocker/calc/build/classes/java/main/bash/example/cala/CalaApplication.class]
00:10:04.757 [Test worker] INFO org.springframework.boot.test.context.SpringBootTestContextBootstrapper - Found @SpringBootConfiguration bash.example.cala.CalaApplication for test class bash.example.cala.CalaApplicationTests
00:10:04.820 [Test worker] DEBUG org.springframework.boot.test.context.SpringBootTestContextBootstrapper - @TestExecutionListeners is not present for class [bash.example.cala.CalaApplicationTests]: using defaults.
00:10:04.821 [Test worker] INFO org.springframework.boot.test.context.SpringBootTestContextBootstrapper - Loaded default TestExecutionListener class names from location [META-INF/spring.factories]: [org.springframework.boot.test.autoconfigure.restdocs.RestDocsTestExecutionListener, org.springframework.boot.test.autoconfigure.web.client.MockRestServiceServerResetTestExecutionListener, org.springframework.boot.test.autoconfigure.web.servlet.MockMvcPrintOnlyOnFailureTestExecutionListener, org.springframework.boot.test.autoconfigure.web.servlet.WebDriverTestExecutionListener, org.springframework.boot.test.mock.mockito.MockitoTestExecutionListener, org.springframework.boot.test.mock.mockito.ResetMocksTestExecutionListener, org.springframework.test.context.web.ServletTestExecutionListener, org.springframework.test.context.support.DirtiesContextBeforeModesTestExecutionListener, org.springframework.test.context.support.DependencyInjectionTestExecutionListener, org.springframework.test.context.support.DirtiesContextTestExecutionListener, org.springframework.test.context.transaction.TransactionalTestExecutionListener, org.springframework.test.context.jdbc.SqlScriptsTestExecutionListener, org.springframework.test.context.event.EventPublishingTestExecutionListener]
00:10:04.829 [Test worker] DEBUG org.springframework.boot.test.context.SpringBootTestContextBootstrapper - Skipping candidate TestExecutionListener [org.springframework.test.context.transaction.TransactionalTestExecutionListener] due to a missing dependency. Specify custom listener classes or make the default listener classes and their required dependencies available. Offending class: [org/springframework/transaction/interceptor/TransactionAttributeSource]
00:10:04.829 [Test worker] DEBUG org.springframework.boot.test.context.SpringBootTestContextBootstrapper - Skipping candidate TestExecutionListener [org.springframework.test.context.jdbc.SqlScriptsTestExecutionListener] due to a missing dependency. Specify custom listener classes or make the default listener classes and their required dependencies available. Offending class: [org/springframework/transaction/interceptor/TransactionAttribute]
00:10:04.829 [Test worker] INFO org.springframework.boot.test.context.SpringBootTestContextBootstrapper - Using TestExecutionListeners: [org.springframework.test.context.web.ServletTestExecutionListener@251971d5, org.springframework.test.context.support.DirtiesContextBeforeModesTestExecutionListener@344dae06, org.springframework.boot.test.mock.mockito.MockitoTestExecutionListener@75bd6324, org.springframework.boot.test.autoconfigure.SpringBootDependencyInjectionTestExecutionListener@4f1d6441, org.springframework.test.context.support.DirtiesContextTestExecutionListener@21e423ae, org.springframework.test.context.event.EventPublishingTestExecutionListener@7800840a, org.springframework.boot.test.autoconfigure.restdocs.RestDocsTestExecutionListener@663a7c6d, org.springframework.boot.test.autoconfigure.web.client.MockRestServiceServerResetTestExecutionListener@42a12387, org.springframework.boot.test.autoconfigure.web.servlet.MockMvcPrintOnlyOnFailureTestExecutionListener@4258912e, org.springframework.boot.test.autoconfigure.web.servlet.WebDriverTestExecutionListener@3e847dbb, org.springframework.boot.test.mock.mockito.ResetMocksTestExecutionListener@be8b712]
00:10:04.833 [Test worker] DEBUG org.springframework.test.context.support.AbstractDirtiesContextTestExecutionListener - Before test class: context [DefaultTestContext@6b5a372d testClass = CalaApplicationTests, testInstance = [null], testMethod = [null], testException = [null], mergedContextConfiguration = [WebMergedContextConfiguration@3816b48b testClass = CalaApplicationTests, locations = '{}', classes = '{class bash.example.cala.CalaApplication}', contextInitializerClasses = '[]', activeProfiles = '{}', propertySourceLocations = '{}', propertySourceProperties = '{org.springframework.boot.test.context.SpringBootTestContextBootstrapper=true}', contextCustomizers = set[org.springframework.boot.test.autoconfigure.properties.PropertyMappingContextCustomizer@0, org.springframework.boot.test.autoconfigure.web.servlet.WebDriverContextCustomizerFactory$Customizer@41dd00c3, org.springframework.boot.test.context.filter.ExcludeFilterContextCustomizer@37d075, org.springframework.boot.test.json.DuplicateJsonObjectContextCustomizerFactory$DuplicateJsonObjectContextCustomizer@27899a40, org.springframework.boot.test.mock.mockito.MockitoContextCustomizer@0, org.springframework.boot.test.web.client.TestRestTemplateContextCustomizer@10813763], resourceBasePath = 'src/main/webapp', contextLoader = 'org.springframework.boot.test.context.SpringBootContextLoader', parent = [null]], attributes = map['org.springframework.test.context.web.ServletTestExecutionListener.activateListener' -> true]], class annotated with @DirtiesContext [false] with mode [null].
00:10:04.851 [Test worker] DEBUG org.springframework.test.context.support.TestPropertySourceUtils - Adding inlined properties to environment: {spring.jmx.enabled=false, org.springframework.boot.test.context.SpringBootTestContextBootstrapper=true, server.port=-1}

  .   ____          _            __ _ _
 /\\ / ___'_ __ _ _(_)_ __  __ _ \ \ \ \
( ( )\___ | '_ | '_| | '_ \/ _` | \ \ \ \
 \\/  ___)| |_)| | | | | || (_| |  ) ) ) )
  '  |____| .__|_| |_|_| |_\__, | / / / /
 =========|_|==============|___/=/_/_/_/
 :: Spring Boot ::        (v2.2.6.RELEASE)

2020-04-16 00:10:15.023  WARN 15022 --- [    Test worker] o.s.boot.StartupInfoLogger               : InetAddress.getLocalHost().getHostName() took 5005 milliseconds to respond. Please verify your network configuration (macOS machines may need to add entries to /etc/hosts).
2020-04-16 00:10:20.029  INFO 15022 --- [    Test worker] bash.example.cala.CalaApplicationTests   : Starting CalaApplicationTests on Bashars-MacBook-Pro.local with PID 15022 (started by basharsalloum in /Users/basharsalloum/Desktop/Udemy/CIWithJenkinsAndocker/calc)
2020-04-16 00:10:20.030  INFO 15022 --- [    Test worker] bash.example.cala.CalaApplicationTests   : No active profile set, falling back to default profiles: default
2020-04-16 00:10:20.779  INFO 15022 --- [    Test worker] o.s.s.concurrent.ThreadPoolTaskExecutor  : Initializing ExecutorService 'applicationTaskExecutor'
2020-04-16 00:10:20.962  INFO 15022 --- [    Test worker] bash.example.cala.CalaApplicationTests   : Started CalaApplicationTests in 16.104 seconds (JVM running for 16.939)
]]></system-out>
  <system-err><![CDATA[]]></system-err>
</testsuite>
